  Parsers.c
C:\Users\Itay Cohen\Desktop\לימודים\שנה ג\סמסטר ב\קומפילציה\מטלה 2\compilation\Project1\Parsers.c(49,43): warning C4047: '!=': 'int' differs in levels of indirection from 'Token *'
C:\Users\Itay Cohen\Desktop\לימודים\שנה ג\סמסטר ב\קומפילציה\מטלה 2\compilation\Project1\Parsers.c(90,15): warning C4129: ',': unrecognized character escape sequence
C:\Users\Itay Cohen\Desktop\לימודים\שנה ג\סמסטר ב\קומפילציה\מטלה 2\compilation\Project1\Parsers.c(93,15): warning C4129: ';': unrecognized character escape sequence
C:\Users\Itay Cohen\Desktop\לימודים\שנה ג\סמסטר ב\קומפילציה\מטלה 2\compilation\Project1\Parsers.c(267,42): warning C4047: 'function': 'char **' differs in levels of indirection from 'char *'
C:\Users\Itay Cohen\Desktop\לימודים\שנה ג\סמסטר ב\קומפילציה\מטלה 2\compilation\Project1\Parsers.c(267,42): warning C4024: 'tokenByName': different types for formal and actual parameter 2
C:\Users\Itay Cohen\Desktop\לימודים\שנה ג\סמסטר ב\קומפילציה\מטלה 2\compilation\Project1\Parsers.c(270,17): warning C4477: 'fprintf' : format string '%s' requires an argument of type 'char *', but variadic argument 1 has type 'int'
C:\Users\Itay Cohen\Desktop\לימודים\שנה ג\סמסטר ב\קומפילציה\מטלה 2\compilation\Project1\Parsers.c(270,17): warning C4313: 'fprintf': '%s' in format string conflicts with argument 1 of type 'int'
C:\Users\Itay Cohen\Desktop\לימודים\שנה ג\סמסטר ב\קומפילציה\מטלה 2\compilation\Project1\Parsers.c(270,17): warning C4477: 'fprintf' : format string '%s' requires an argument of type 'char *', but variadic argument 3 has type 'int'
C:\Users\Itay Cohen\Desktop\לימודים\שנה ג\סמסטר ב\קומפילציה\מטלה 2\compilation\Project1\Parsers.c(270,17): warning C4313: 'fprintf': '%s' in format string conflicts with argument 3 of type 'int'
C:\Users\Itay Cohen\Desktop\לימודים\שנה ג\סמסטר ב\קומפילציה\מטלה 2\compilation\Project1\Parsers.c(270,17): warning C4473: 'fprintf' : not enough arguments passed for format string
C:\Users\Itay Cohen\Desktop\לימודים\שנה ג\סמסטר ב\קומפילציה\מטלה 2\compilation\Project1\Parsers.c(270,17): message : placeholders and their parameters expect 4 variadic arguments, but 3 were provided
C:\Users\Itay Cohen\Desktop\לימודים\שנה ג\סמסטר ב\קומפילציה\מטלה 2\compilation\Project1\Parsers.c(270,17): message : the missing variadic argument 4 is required by format string '%d'
C:\Users\Itay Cohen\Desktop\לימודים\שנה ג\סמסטר ב\קומפילציה\מטלה 2\compilation\Project1\Parsers.c(266,8): warning C4102: 'defult': unreferenced label
C:\Users\Itay Cohen\Desktop\לימודים\שנה ג\סמסטר ב\קומפילציה\מטלה 2\compilation\Project1\Parsers.c(257,8): warning C4101: 'tokenCommaSign': unreferenced local variable
C:\Users\Itay Cohen\Desktop\לימודים\שנה ג\סמסטר ב\קומפילציה\מטלה 2\compilation\Project1\Parsers.c(292,43): warning C4047: 'function': 'char **' differs in levels of indirection from 'char *'
C:\Users\Itay Cohen\Desktop\לימודים\שנה ג\סמסטר ב\קומפילציה\מטלה 2\compilation\Project1\Parsers.c(292,43): warning C4024: 'tokenByName': different types for formal and actual parameter 2
C:\Users\Itay Cohen\Desktop\לימודים\שנה ג\סמסטר ב\קומפילציה\מטלה 2\compilation\Project1\Parsers.c(295,18): warning C4477: 'fprintf' : format string '%s' requires an argument of type 'char *', but variadic argument 1 has type 'int'
C:\Users\Itay Cohen\Desktop\לימודים\שנה ג\סמסטר ב\קומפילציה\מטלה 2\compilation\Project1\Parsers.c(295,18): warning C4313: 'fprintf': '%s' in format string conflicts with argument 1 of type 'int'
C:\Users\Itay Cohen\Desktop\לימודים\שנה ג\סמסטר ב\קומפילציה\מטלה 2\compilation\Project1\Parsers.c(295,18): warning C4477: 'fprintf' : format string '%s' requires an argument of type 'char *', but variadic argument 3 has type 'int'
C:\Users\Itay Cohen\Desktop\לימודים\שנה ג\סמסטר ב\קומפילציה\מטלה 2\compilation\Project1\Parsers.c(295,18): warning C4313: 'fprintf': '%s' in format string conflicts with argument 3 of type 'int'
C:\Users\Itay Cohen\Desktop\לימודים\שנה ג\סמסטר ב\קומפילציה\מטלה 2\compilation\Project1\Parsers.c(295,18): warning C4473: 'fprintf' : not enough arguments passed for format string
C:\Users\Itay Cohen\Desktop\לימודים\שנה ג\סמסטר ב\קומפילציה\מטלה 2\compilation\Project1\Parsers.c(295,18): message : placeholders and their parameters expect 4 variadic arguments, but 3 were provided
C:\Users\Itay Cohen\Desktop\לימודים\שנה ג\סמסטר ב\קומפילציה\מטלה 2\compilation\Project1\Parsers.c(295,18): message : the missing variadic argument 4 is required by format string '%d'
C:\Users\Itay Cohen\Desktop\לימודים\שנה ג\סמסטר ב\קומפילציה\מטלה 2\compilation\Project1\Parsers.c(306,17): warning C4477: 'fprintf' : format string '%s' requires an argument of type 'char *', but variadic argument 2 has type 'int'
C:\Users\Itay Cohen\Desktop\לימודים\שנה ג\סמסטר ב\קומפילציה\מטלה 2\compilation\Project1\Parsers.c(306,17): warning C4313: 'fprintf': '%s' in format string conflicts with argument 2 of type 'int'
C:\Users\Itay Cohen\Desktop\לימודים\שנה ג\סמסטר ב\קומפילציה\מטלה 2\compilation\Project1\Parsers.c(306,17): warning C4473: 'fprintf' : not enough arguments passed for format string
C:\Users\Itay Cohen\Desktop\לימודים\שנה ג\סמסטר ב\קומפילציה\מטלה 2\compilation\Project1\Parsers.c(306,17): message : placeholders and their parameters expect 3 variadic arguments, but 2 were provided
C:\Users\Itay Cohen\Desktop\לימודים\שנה ג\סמסטר ב\קומפילציה\מטלה 2\compilation\Project1\Parsers.c(306,17): message : the missing variadic argument 3 is required by format string '%d'
C:\Users\Itay Cohen\Desktop\לימודים\שנה ג\סמסטר ב\קומפילציה\מטלה 2\compilation\Project1\Parsers.c(291,9): warning C4102: 'defult': unreferenced label
C:\Users\Itay Cohen\Desktop\לימודים\שנה ג\סמסטר ב\קומפילציה\מטלה 2\compilation\Project1\Parsers.c(558,17): warning C4477: 'fprintf' : format string '%s' requires an argument of type 'char *', but variadic argument 3 has type 'int'
C:\Users\Itay Cohen\Desktop\לימודים\שנה ג\סמסטר ב\קומפילציה\מטלה 2\compilation\Project1\Parsers.c(558,17): warning C4313: 'fprintf': '%s' in format string conflicts with argument 3 of type 'int'
C:\Users\Itay Cohen\Desktop\לימודים\שנה ג\סמסטר ב\קומפילציה\מטלה 2\compilation\Project1\Parsers.c(558,17): warning C4473: 'fprintf' : not enough arguments passed for format string
C:\Users\Itay Cohen\Desktop\לימודים\שנה ג\סמסטר ב\קומפילציה\מטלה 2\compilation\Project1\Parsers.c(558,17): message : placeholders and their parameters expect 7 variadic arguments, but 3 were provided
C:\Users\Itay Cohen\Desktop\לימודים\שנה ג\סמסטר ב\קומפילציה\מטלה 2\compilation\Project1\Parsers.c(558,17): message : the missing variadic argument 4 is required by format string '%s'
C:\Users\Itay Cohen\Desktop\לימודים\שנה ג\סמסטר ב\קומפילציה\מטלה 2\compilation\Project1\Parsers.c(655,17): warning C4477: 'fprintf' : format string '%s' requires an argument of type 'char *', but variadic argument 4 has type 'int'
C:\Users\Itay Cohen\Desktop\לימודים\שנה ג\סמסטר ב\קומפילציה\מטלה 2\compilation\Project1\Parsers.c(655,17): warning C4313: 'fprintf': '%s' in format string conflicts with argument 4 of type 'int'
C:\Users\Itay Cohen\Desktop\לימודים\שנה ג\סמסטר ב\קומפילציה\מטלה 2\compilation\Project1\Parsers.c(655,17): warning C4473: 'fprintf' : not enough arguments passed for format string
C:\Users\Itay Cohen\Desktop\לימודים\שנה ג\סמסטר ב\קומפילציה\מטלה 2\compilation\Project1\Parsers.c(655,17): message : placeholders and their parameters expect 5 variadic arguments, but 4 were provided
C:\Users\Itay Cohen\Desktop\לימודים\שנה ג\סמסטר ב\קומפילציה\מטלה 2\compilation\Project1\Parsers.c(655,17): message : the missing variadic argument 5 is required by format string '%d'
C:\Users\Itay Cohen\Desktop\לימודים\שנה ג\סמסטר ב\קומפילציה\מטלה 2\compilation\Project1\Parsers.c(723,17): warning C4477: 'fprintf' : format string '%s' requires an argument of type 'char *', but variadic argument 6 has type 'int'
C:\Users\Itay Cohen\Desktop\לימודים\שנה ג\סמסטר ב\קומפילציה\מטלה 2\compilation\Project1\Parsers.c(723,17): warning C4313: 'fprintf': '%s' in format string conflicts with argument 6 of type 'int'
C:\Users\Itay Cohen\Desktop\לימודים\שנה ג\סמסטר ב\קומפילציה\מטלה 2\compilation\Project1\Parsers.c(723,17): warning C4473: 'fprintf' : not enough arguments passed for format string
C:\Users\Itay Cohen\Desktop\לימודים\שנה ג\סמסטר ב\קומפילציה\מטלה 2\compilation\Project1\Parsers.c(723,17): message : placeholders and their parameters expect 7 variadic arguments, but 6 were provided
C:\Users\Itay Cohen\Desktop\לימודים\שנה ג\סמסטר ב\קומפילציה\מטלה 2\compilation\Project1\Parsers.c(723,17): message : the missing variadic argument 7 is required by format string '%d'
C:\Users\Itay Cohen\Desktop\לימודים\שנה ג\סמסטר ב\קומפילציה\מטלה 2\compilation\Project1\Parsers.c(752,17): warning C4477: 'fprintf' : format string '%s' requires an argument of type 'char *', but variadic argument 3 has type 'int'
C:\Users\Itay Cohen\Desktop\לימודים\שנה ג\סמסטר ב\קומפילציה\מטלה 2\compilation\Project1\Parsers.c(752,17): warning C4313: 'fprintf': '%s' in format string conflicts with argument 3 of type 'int'
C:\Users\Itay Cohen\Desktop\לימודים\שנה ג\סמסטר ב\קומפילציה\מטלה 2\compilation\Project1\Parsers.c(752,17): warning C4473: 'fprintf' : not enough arguments passed for format string
C:\Users\Itay Cohen\Desktop\לימודים\שנה ג\סמסטר ב\קומפילציה\מטלה 2\compilation\Project1\Parsers.c(752,17): message : placeholders and their parameters expect 4 variadic arguments, but 3 were provided
C:\Users\Itay Cohen\Desktop\לימודים\שנה ג\סמסטר ב\קומפילציה\מטלה 2\compilation\Project1\Parsers.c(752,17): message : the missing variadic argument 4 is required by format string '%d'
C:\Users\Itay Cohen\Desktop\לימודים\שנה ג\סמסטר ב\קומפילציה\מטלה 2\compilation\Project1\Parsers.c(777,17): warning C4477: 'fprintf' : format string '%s' requires an argument of type 'char *', but variadic argument 2 has type 'int'
C:\Users\Itay Cohen\Desktop\לימודים\שנה ג\סמסטר ב\קומפילציה\מטלה 2\compilation\Project1\Parsers.c(777,17): warning C4313: 'fprintf': '%s' in format string conflicts with argument 2 of type 'int'
C:\Users\Itay Cohen\Desktop\לימודים\שנה ג\סמסטר ב\קומפילציה\מטלה 2\compilation\Project1\Parsers.c(777,17): warning C4473: 'fprintf' : not enough arguments passed for format string
C:\Users\Itay Cohen\Desktop\לימודים\שנה ג\סמסטר ב\קומפילציה\מטלה 2\compilation\Project1\Parsers.c(777,17): message : placeholders and their parameters expect 7 variadic arguments, but 2 were provided
C:\Users\Itay Cohen\Desktop\לימודים\שנה ג\סמסטר ב\קומפילציה\מטלה 2\compilation\Project1\Parsers.c(777,17): message : the missing variadic argument 3 is required by format string '%s'
C:\Users\Itay Cohen\Desktop\לימודים\שנה ג\סמסטר ב\קומפילציה\מטלה 2\compilation\Project1\Parsers.c(786,72): warning C4101: 'tokenParenthesesClose': unreferenced local variable
C:\Users\Itay Cohen\Desktop\לימודים\שנה ג\סמסטר ב\קומפילציה\מטלה 2\compilation\Project1\Parsers.c(827,17): warning C4566: character represented by universal-character-name '\u025B' cannot be represented in the current code page (1255)
C:\Users\Itay Cohen\Desktop\לימודים\שנה ג\סמסטר ב\קומפילציה\מטלה 2\compilation\Project1\Parsers.c(893,17): warning C4477: 'fprintf' : format string '%s' requires an argument of type 'char *', but variadic argument 4 has type 'int'
C:\Users\Itay Cohen\Desktop\לימודים\שנה ג\סמסטר ב\קומפילציה\מטלה 2\compilation\Project1\Parsers.c(893,17): warning C4313: 'fprintf': '%s' in format string conflicts with argument 4 of type 'int'
C:\Users\Itay Cohen\Desktop\לימודים\שנה ג\סמסטר ב\קומפילציה\מטלה 2\compilation\Project1\Parsers.c(893,17): warning C4473: 'fprintf' : not enough arguments passed for format string
C:\Users\Itay Cohen\Desktop\לימודים\שנה ג\סמסטר ב\קומפילציה\מטלה 2\compilation\Project1\Parsers.c(893,17): message : placeholders and their parameters expect 5 variadic arguments, but 4 were provided
C:\Users\Itay Cohen\Desktop\לימודים\שנה ג\סמסטר ב\קומפילציה\מטלה 2\compilation\Project1\Parsers.c(893,17): message : the missing variadic argument 5 is required by format string '%d'
C:\Users\Itay Cohen\Desktop\לימודים\שנה ג\סמסטר ב\קומפילציה\מטלה 2\compilation\Project1\Parsers.c(943,17): warning C4477: 'fprintf' : format string '%s' requires an argument of type 'char *', but variadic argument 2 has type 'int'
C:\Users\Itay Cohen\Desktop\לימודים\שנה ג\סמסטר ב\קומפילציה\מטלה 2\compilation\Project1\Parsers.c(943,17): warning C4313: 'fprintf': '%s' in format string conflicts with argument 2 of type 'int'
C:\Users\Itay Cohen\Desktop\לימודים\שנה ג\סמסטר ב\קומפילציה\מטלה 2\compilation\Project1\Parsers.c(943,17): warning C4473: 'fprintf' : not enough arguments passed for format string
C:\Users\Itay Cohen\Desktop\לימודים\שנה ג\סמסטר ב\קומפילציה\מטלה 2\compilation\Project1\Parsers.c(943,17): message : placeholders and their parameters expect 3 variadic arguments, but 2 were provided
C:\Users\Itay Cohen\Desktop\לימודים\שנה ג\סמסטר ב\קומפילציה\מטלה 2\compilation\Project1\Parsers.c(943,17): message : the missing variadic argument 3 is required by format string '%d'
C:\Users\Itay Cohen\Desktop\לימודים\שנה ג\סמסטר ב\קומפילציה\מטלה 2\compilation\Project1\Parsers.c(974,17): warning C4477: 'fprintf' : format string '%s' requires an argument of type 'char *', but variadic argument 6 has type 'int'
C:\Users\Itay Cohen\Desktop\לימודים\שנה ג\סמסטר ב\קומפילציה\מטלה 2\compilation\Project1\Parsers.c(974,17): warning C4313: 'fprintf': '%s' in format string conflicts with argument 6 of type 'int'
C:\Users\Itay Cohen\Desktop\לימודים\שנה ג\סמסטר ב\קומפילציה\מטלה 2\compilation\Project1\Parsers.c(974,17): warning C4473: 'fprintf' : not enough arguments passed for format string
C:\Users\Itay Cohen\Desktop\לימודים\שנה ג\סמסטר ב\קומפילציה\מטלה 2\compilation\Project1\Parsers.c(974,17): message : placeholders and their parameters expect 7 variadic arguments, but 6 were provided
C:\Users\Itay Cohen\Desktop\לימודים\שנה ג\סמסטר ב\קומפילציה\מטלה 2\compilation\Project1\Parsers.c(974,17): message : the missing variadic argument 7 is required by format string '%d'
C:\Users\Itay Cohen\Desktop\לימודים\שנה ג\סמסטר ב\קומפילציה\מטלה 2\compilation\Project1\Parsers.c(953,166): warning C4101: 'tokenOPE': unreferenced local variable
C:\Users\Itay Cohen\Desktop\לימודים\שנה ג\סמסטר ב\קומפילציה\מטלה 2\compilation\Project1\Parsers.c(953,116): warning C4101: 'tokenOPLE': unreferenced local variable
C:\Users\Itay Cohen\Desktop\לימודים\שנה ג\סמסטר ב\קומפילציה\מטלה 2\compilation\Project1\Parsers.c(953,141): warning C4101: 'tokenOPGE': unreferenced local variable
C:\Users\Itay Cohen\Desktop\לימודים\שנה ג\סמסטר ב\קומפילציה\מטלה 2\compilation\Project1\Parsers.c(953,154): warning C4101: 'tokenOPG': unreferenced local variable
C:\Users\Itay Cohen\Desktop\לימודים\שנה ג\סמסטר ב\קומפילציה\מטלה 2\compilation\Project1\Parsers.c(953,129): warning C4101: 'tokenOPL': unreferenced local variable
C:\Users\Itay Cohen\Desktop\לימודים\שנה ג\סמסטר ב\קומפילציה\מטלה 2\compilation\Project1\Parsers.c(953,178): warning C4101: 'tokenOPNE': unreferenced local variable
C:\Users\Itay Cohen\Desktop\לימודים\שנה ג\סמסטר ב\קומפילציה\מטלה 2\compilation\Project1\Parsers.c(1003,17): warning C4477: 'fprintf' : format string '%s' requires an argument of type 'char *', but variadic argument 2 has type 'int'
C:\Users\Itay Cohen\Desktop\לימודים\שנה ג\סמסטר ב\קומפילציה\מטלה 2\compilation\Project1\Parsers.c(1003,17): warning C4313: 'fprintf': '%s' in format string conflicts with argument 2 of type 'int'
C:\Users\Itay Cohen\Desktop\לימודים\שנה ג\סמסטר ב\קומפילציה\מטלה 2\compilation\Project1\Parsers.c(1003,17): warning C4473: 'fprintf' : not enough arguments passed for format string
C:\Users\Itay Cohen\Desktop\לימודים\שנה ג\סמסטר ב\קומפילציה\מטלה 2\compilation\Project1\Parsers.c(1003,17): message : placeholders and their parameters expect 3 variadic arguments, but 2 were provided
C:\Users\Itay Cohen\Desktop\לימודים\שנה ג\סמסטר ב\קומפילציה\מטלה 2\compilation\Project1\Parsers.c(1003,17): message : the missing variadic argument 3 is required by format string '%d'
C:\Users\Itay Cohen\Desktop\לימודים\שנה ג\סמסטר ב\קומפילציה\מטלה 2\compilation\Project1\Parsers.c(1026,17): warning C4477: 'fprintf' : format string '%s' requires an argument of type 'char *', but variadic argument 2 has type 'int'
C:\Users\Itay Cohen\Desktop\לימודים\שנה ג\סמסטר ב\קומפילציה\מטלה 2\compilation\Project1\Parsers.c(1026,17): warning C4313: 'fprintf': '%s' in format string conflicts with argument 2 of type 'int'
C:\Users\Itay Cohen\Desktop\לימודים\שנה ג\סמסטר ב\קומפילציה\מטלה 2\compilation\Project1\Parsers.c(1026,17): warning C4473: 'fprintf' : not enough arguments passed for format string
C:\Users\Itay Cohen\Desktop\לימודים\שנה ג\סמסטר ב\קומפילציה\מטלה 2\compilation\Project1\Parsers.c(1026,17): message : placeholders and their parameters expect 3 variadic arguments, but 2 were provided
C:\Users\Itay Cohen\Desktop\לימודים\שנה ג\סמסטר ב\קומפילציה\מטלה 2\compilation\Project1\Parsers.c(1026,17): message : the missing variadic argument 3 is required by format string '%d'
C:\Users\Itay Cohen\Desktop\לימודים\שנה ג\סמסטר ב\קומפילציה\מטלה 2\compilation\Project1\Parsers.c(35): warning C4715: 'match': not all control paths return a value
  Project1.vcxproj -> C:\Users\Itay Cohen\Desktop\לימודים\שנה ג\סמסטר ב\קומפילציה\מטלה 2\compilation\x64\Debug\Project1.exe
